# JRE version: Java(TM) SE Runtime Environment (20.0+36) (build 20+36-2344)
# Java VM: Java HotSpot(TM) 64-Bit Server VM (20+36-2344, mixed mode, emulated-client, sharing, tiered, compressed oops, compressed class ptrs, g1 gc, windows-amd64)
GC Precious Log:
 CardTable entry size: 512
 Card Set container configuration: InlinePtr #cards 4 size 8 Array Of Cards #cards 16 size 48 Howl #buckets 8 coarsen threshold 3686 Howl Bitmap #cards 512 size 80 coarsen threshold 460 Card regions per heap region 1 cards per card region 4096
 CPUs: 12 total, 12 available
 Memory: 16016M
 Large Page Support: Disabled
 NUMA Support: Disabled
 Compressed Oops: Enabled (Zero based)
 Heap Region Size: 2M
 Heap Min Capacity: 8M
 Heap Initial Capacity: 252M
 Heap Max Capacity: 4006M
 Pre-touch: Disabled
 Parallel Workers: 10
 Concurrent Workers: 3
 Concurrent Refinement Workers: 10
 Periodic GC: Disabled
Heap:
 garbage-first heap   total 94208K, used 78787K [0x0000000705a00000, 0x0000000800000000)
  region size 2048K, 25 young (51200K), 1 survivors (2048K)
 Metaspace       used 66882K, committed 68032K, reserved 1114112K
  class space    used 9281K, committed 9728K, reserved 1048576K
GC Heap History (20 events):
Event: 1730.940 GC heap before
{Heap before GC invocations=25 (full 0):
 garbage-first heap   total 94208K, used 82946K [0x0000000705a00000, 0x0000000800000000)
  region size 2048K, 27 young (55296K), 2 survivors (4096K)
 Metaspace       used 66872K, committed 68032K, reserved 1114112K
  class space    used 9278K, committed 9728K, reserved 1048576K
}
Event: 1730.959 GC heap after
{Heap after GC invocations=26 (full 0):
 garbage-first heap   total 94208K, used 31960K [0x0000000705a00000, 0x0000000800000000)
  region size 2048K, 2 young (4096K), 2 survivors (4096K)
 Metaspace       used 66872K, committed 68032K, reserved 1114112K
  class space    used 9278K, committed 9728K, reserved 1048576K
}
Event: 2038.713 GC heap before
{Heap before GC invocations=27 (full 0):
 garbage-first heap   total 94208K, used 83160K [0x0000000705a00000, 0x0000000800000000)
  region size 2048K, 27 young (55296K), 2 survivors (4096K)
 Metaspace       used 66893K, committed 68032K, reserved 1114112K
  class space    used 9284K, committed 9728K, reserved 1048576K
}
Event: 2038.751 GC heap after
{Heap after GC invocations=28 (full 0):
 garbage-first heap   total 94208K, used 32358K [0x0000000705a00000, 0x0000000800000000)
  region size 2048K, 2 young (4096K), 2 survivors (4096K)
 Metaspace       used 66893K, committed 68032K, reserved 1114112K
  class space    used 9284K, committed 9728K, reserved 1048576K
}
Event: 2378.709 GC heap before
{Heap before GC invocations=28 (full 0):
 garbage-first heap   total 94208K, used 83558K [0x0000000705a00000, 0x0000000800000000)
  region size 2048K, 27 young (55296K), 2 survivors (4096K)
 Metaspace       used 66893K, committed 68032K, reserved 1114112K
  class space    used 9284K, committed 9728K, reserved 1048576K
}
Event: 2378.730 GC heap after
{Heap after GC invocations=29 (full 0):
 garbage-first heap   total 94208K, used 32493K [0x0000000705a00000, 0x0000000800000000)
  region size 2048K, 3 young (6144K), 3 survivors (6144K)
 Metaspace       used 66893K, committed 68032K, reserved 1114112K
  class space    used 9284K, committed 9728K, reserved 1048576K
}
Event: 2695.115 GC heap before
{Heap before GC invocations=29 (full 0):
 garbage-first heap   total 94208K, used 79597K [0x0000000705a00000, 0x0000000800000000)
  region size 2048K, 26 young (53248K), 3 survivors (6144K)
 Metaspace       used 66893K, committed 68032K, reserved 1114112K
  class space    used 9284K, committed 9728K, reserved 1048576K
}
Event: 2695.127 GC heap after
{Heap after GC invocations=30 (full 0):
 garbage-first heap   total 94208K, used 32212K [0x0000000705a00000, 0x0000000800000000)
  region size 2048K, 2 young (4096K), 2 survivors (4096K)
 Metaspace       used 66893K, committed 68032K, reserved 1114112K
  class space    used 9284K, committed 9728K, reserved 1048576K
}
Event: 3033.860 GC heap before
{Heap before GC invocations=31 (full 0):
 garbage-first heap   total 94208K, used 83412K [0x0000000705a00000, 0x0000000800000000)
  region size 2048K, 27 young (55296K), 2 survivors (4096K)
 Metaspace       used 66893K, committed 68032K, reserved 1114112K
  class space    used 9284K, committed 9728K, reserved 1048576K
}
Event: 3033.870 GC heap after
{Heap after GC invocations=32 (full 0):
 garbage-first heap   total 94208K, used 32597K [0x0000000705a00000, 0x0000000800000000)
  region size 2048K, 3 young (6144K), 3 survivors (6144K)
 Metaspace       used 66893K, committed 68032K, reserved 1114112K
  class space    used 9284K, committed 9728K, reserved 1048576K
}
Event: 3349.589 GC heap before
{Heap before GC invocations=32 (full 0):
 garbage-first heap   total 94208K, used 79701K [0x0000000705a00000, 0x0000000800000000)
  region size 2048K, 26 young (53248K), 3 survivors (6144K)
 Metaspace       used 66893K, committed 68032K, reserved 1114112K
  class space    used 9284K, committed 9728K, reserved 1048576K
}
Event: 3349.605 GC heap after
{Heap after GC invocations=33 (full 0):
 garbage-first heap   total 94208K, used 31944K [0x0000000705a00000, 0x0000000800000000)
  region size 2048K, 3 young (6144K), 3 survivors (6144K)
 Metaspace       used 66893K, committed 68032K, reserved 1114112K
  class space    used 9284K, committed 9728K, reserved 1048576K
}
Event: 3638.227 GC heap before
{Heap before GC invocations=33 (full 0):
 garbage-first heap   total 94208K, used 79048K [0x0000000705a00000, 0x0000000800000000)
  region size 2048K, 26 young (53248K), 3 survivors (6144K)
 Metaspace       used 66897K, committed 68032K, reserved 1114112K
  class space    used 9285K, committed 9728K, reserved 1048576K
}
Event: 3638.242 GC heap after
{Heap after GC invocations=34 (full 0):
 garbage-first heap   total 94208K, used 32324K [0x0000000705a00000, 0x0000000800000000)
  region size 2048K, 3 young (6144K), 3 survivors (6144K)
 Metaspace       used 66897K, committed 68032K, reserved 1114112K
  class space    used 9285K, committed 9728K, reserved 1048576K
}
Event: 3959.012 GC heap before
{Heap before GC invocations=35 (full 0):
 garbage-first heap   total 94208K, used 79428K [0x0000000705a00000, 0x0000000800000000)
  region size 2048K, 26 young (53248K), 3 survivors (6144K)
 Metaspace       used 66897K, committed 68032K, reserved 1114112K
  class space    used 9285K, committed 9728K, reserved 1048576K
}
Event: 3959.023 GC heap after
{Heap after GC invocations=36 (full 0):
 garbage-first heap   total 94208K, used 32236K [0x0000000705a00000, 0x0000000800000000)
  region size 2048K, 1 young (2048K), 1 survivors (2048K)
 Metaspace       used 66897K, committed 68032K, reserved 1114112K
  class space    used 9285K, committed 9728K, reserved 1048576K
}
Event: 4326.779 GC heap before
{Heap before GC invocations=36 (full 0):
 garbage-first heap   total 94208K, used 85484K [0x0000000705a00000, 0x0000000800000000)
  region size 2048K, 27 young (55296K), 1 survivors (2048K)
 Metaspace       used 66897K, committed 68032K, reserved 1114112K
  class space    used 9285K, committed 9728K, reserved 1048576K
}
Event: 4326.804 GC heap after
{Heap after GC invocations=37 (full 0):
 garbage-first heap   total 94208K, used 31695K [0x0000000705a00000, 0x0000000800000000)
  region size 2048K, 1 young (2048K), 1 survivors (2048K)
 Metaspace       used 66897K, committed 68032K, reserved 1114112K
  class space    used 9285K, committed 9728K, reserved 1048576K
}
Event: 4765.301 GC heap before
{Heap before GC invocations=37 (full 0):
 garbage-first heap   total 94208K, used 84943K [0x0000000705a00000, 0x0000000800000000)
  region size 2048K, 27 young (55296K), 1 survivors (2048K)
 Metaspace       used 66897K, committed 68032K, reserved 1114112K
  class space    used 9285K, committed 9728K, reserved 1048576K
}
Event: 4765.311 GC heap after
{Heap after GC invocations=38 (full 0):
 garbage-first heap   total 94208K, used 31683K [0x0000000705a00000, 0x0000000800000000)
  region size 2048K, 1 young (2048K), 1 survivors (2048K)
 Metaspace       used 66897K, committed 68032K, reserved 1114112K
  class space    used 9285K, committed 9728K, reserved 1048576K
}

